#separator \x09
#set_separator	,
#empty_field	(empty)
#unset_field	-
#path	ocsp
#open	2024-12-28-09-13-30
#fields	ts	id	hashAlgorithm	issuerNameHash	issuerKeyHash	serialNumber	certStatus	revoketime	revokereason	thisUpdate	nextUpdate
#types	time	string	string	string	string	string	string	time	string	time	time
1733582209.350704	F4ECW82G5pYuqf2AIj	sha1	5060343D3B34B7408B5B64FD1D09C5346FF833F2	C35EAC4076C0064DE32B9499306073349829C651	33000017BD223B21D42E09095D0000000017BD	good	-	-	1733008241.000000	1733700641.000000
1733582277.557422	FoxZolmC0cidgb8xg	sha1	B34FFCEAC1CA8DBE13FD8B8738B023F3D896F3AC	FE09714055051044D8A48175B89E1AE94A0688C8	3300A9424520DFB83E83F38795000000A94245	good	-	-	1733098388.000000	1733790788.000000
1733582277.640465	Fa844D28zHcxSpCZil	sha1	B34FFCEAC1CA8DBE13FD8B8738B023F3D896F3AC	FE09714055051044D8A48175B89E1AE94A0688C8	3300A9424520DFB83E83F38795000000A94245	good	-	-	1733443988.000000	1734136388.000000
1733582335.477988	FZs31020vK7RJ7psU7	sha1	B34FFCEAC1CA8DBE13FD8B8738B023F3D896F3AC	FE09714055051044D8A48175B89E1AE94A0688C8	3300B9B9D5622736E985A54155000000B9B9D5	good	-	-	1733271188.000000	1733963588.000000
1733582376.224479	FlwFYk3nfkw59Uvjv8	sha1	105FA67A80089DB5279F35CE830B43889EA3C70D	0F80611C823161D52F28E78D4638B42CE1C6D9E2	03995D7C49CCE33E588EA305D01DB82A	good	-	-	1733503861.000000	1734105061.000000
1733582398.523982	FDC4My1L2Ycnzwr9Ub	sha1	B34FFCEAC1CA8DBE13FD8B8738B023F3D896F3AC	FE09714055051044D8A48175B89E1AE94A0688C8	3300B9B9D5622736E985A54155000000B9B9D5	good	-	-	1733271188.000000	1733963588.000000
1733582496.348972	FuRizUV2ORzS4vQKe	sha1	E475019DC323E226741D6C40390795F90596462E	3B70D153E976259D60A8CA660FC69BAE6F54166A	3300E258497850FC6287B76F2C000000E25849	good	-	-	1733011989.000000	1733704389.000000
1733582500.589649	FiMQUk4bBPNHrszKK2	sha1	105FA67A80089DB5279F35CE830B43889EA3C70D	0F80611C823161D52F28E78D4638B42CE1C6D9E2	0984EA1BCB6CE28E89A593CA0D4301DA	good	-	-	1733538061.000000	1734139261.000000
1733582524.597011	FH6rar2HFwD9HE9F04	sha1	B34FFCEAC1CA8DBE13FD8B8738B023F3D896F3AC	FE09714055051044D8A48175B89E1AE94A0688C8	3300B9B9D5622736E985A54155000000B9B9D5	good	-	-	1733271188.000000	1733963588.000000
1733582560.311801	F4VrEd3c5y9dgYLoAa	sha1	E475019DC323E226741D6C40390795F90596462E	3B70D153E976259D60A8CA660FC69BAE6F54166A	3300E258497850FC6287B76F2C000000E25849	good	-	-	1733271188.000000	1733963588.000000
1733582584.147207	FOC3zV2PCsQDU9ytzk	sha1	E475019DC323E226741D6C40390795F90596462E	3B70D153E976259D60A8CA660FC69BAE6F54166A	3300B5AA51DDFB16FEE0BFDB7C000000B5AA51	good	-	-	1733443988.000000	1734136388.000000
1733582650.671642	FQO1Lt4BZhNHnxFIQk	sha1	5060343D3B34B7408B5B64FD1D09C5346FF833F2	C35EAC4076C0064DE32B9499306073349829C651	33000017BD223B21D42E09095D0000000017BD	good	-	-	1733008241.000000	1733700641.000000
1733582680.567020	FabeHP3ntJEgm5Pel	sha1	B34FFCEAC1CA8DBE13FD8B8738B023F3D896F3AC	FE09714055051044D8A48175B89E1AE94A0688C8	3300A9424520DFB83E83F38795000000A94245	good	-	-	1733098388.000000	1733790788.000000
1733582680.678721	F3PsBw3ETbeUOaNpt4	sha1	B34FFCEAC1CA8DBE13FD8B8738B023F3D896F3AC	FE09714055051044D8A48175B89E1AE94A0688C8	3300A9424520DFB83E83F38795000000A94245	good	-	-	1733098388.000000	1733790788.000000
1733582681.394507	FtWv0W3mAnRRAmT4xa	sha1	B34FFCEAC1CA8DBE13FD8B8738B023F3D896F3AC	FE09714055051044D8A48175B89E1AE94A0688C8	3300A9424520DFB83E83F38795000000A94245	good	-	-	1733098388.000000	1733790788.000000
1733582681.395014	FPliiu13qakvVImDNa	sha1	B34FFCEAC1CA8DBE13FD8B8738B023F3D896F3AC	FE09714055051044D8A48175B89E1AE94A0688C8	3300A9424520DFB83E83F38795000000A94245	good	-	-	1733357588.000000	1734049988.000000
1733582681.595065	FOdUQ1XXxhTMYB5R2	sha1	B34FFCEAC1CA8DBE13FD8B8738B023F3D896F3AC	FE09714055051044D8A48175B89E1AE94A0688C8	3300A9424520DFB83E83F38795000000A94245	good	-	-	1733357588.000000	1734049988.000000
1733582681.770798	FTYERS13gwPpAJMaUe	sha1	B34FFCEAC1CA8DBE13FD8B8738B023F3D896F3AC	FE09714055051044D8A48175B89E1AE94A0688C8	3300A9424520DFB83E83F38795000000A94245	good	-	-	1733098388.000000	1733790788.000000
1733582682.808463	FsUSup2FMw0wz10LGj	sha1	B34FFCEAC1CA8DBE13FD8B8738B023F3D896F3AC	FE09714055051044D8A48175B89E1AE94A0688C8	3300A9424520DFB83E83F38795000000A94245	good	-	-	1733098388.000000	1733790788.000000
1733582683.641634	FB1h5y4KyEDndWWXik	sha1	B34FFCEAC1CA8DBE13FD8B8738B023F3D896F3AC	FE09714055051044D8A48175B89E1AE94A0688C8	3300A9424520DFB83E83F38795000000A94245	good	-	-	1733357588.000000	1734049988.000000
1733582689.643851	FlVAJ2GXoEOy4tgN7	sha1	B34FFCEAC1CA8DBE13FD8B8738B023F3D896F3AC	FE09714055051044D8A48175B89E1AE94A0688C8	3300A9424520DFB83E83F38795000000A94245	good	-	-	1733357588.000000	1734049988.000000
1733582689.984911	FyESVG1mx8QL1M6Z8f	sha1	B34FFCEAC1CA8DBE13FD8B8738B023F3D896F3AC	FE09714055051044D8A48175B89E1AE94A0688C8	3300A9424520DFB83E83F38795000000A94245	good	-	-	1733098388.000000	1733790788.000000
1733582690.423383	FyBMJ72shBZlyca65c	sha1	B34FFCEAC1CA8DBE13FD8B8738B023F3D896F3AC	FE09714055051044D8A48175B89E1AE94A0688C8	3300A9424520DFB83E83F38795000000A94245	good	-	-	1733098388.000000	1733790788.000000
1733582697.061676	FOYSUC3ClqjH5m9H1l	sha1	D59B1737698FEF4B16C817B7FE1508CD425E20F2	35F1E7113268E6B2C8DA71E670F3E83CB80E071B	33000021C179C171FECC5A96D40000000021C1	good	-	-	1733011988.000000	1733704388.000000
1733582697.124256	F1dm3E9i6tRkFWKZb	sha1	EB8EBC9D472B7E0291771923F2A5F1C1C51E57B5	B3DB48A4F9A1C5D8AE3641CC1163696229BC4BC6	02393D48D702425A7CB41C000B0ED7CA	good	-	-	1733533475.000000	1734138275.000000
1733582698.258044	FphHKU2osyTW1zBbj	sha1	105FA67A80089DB5279F35CE830B43889EA3C70D	0F80611C823161D52F28E78D4638B42CE1C6D9E2	0CAC171654DB54DB887361A35563BA46	good	-	-	1733556061.000000	1734157261.000000
1733582698.475115	Fb4tBC3ZtJnzFdKHi	sha1	D59B1737698FEF4B16C817B7FE1508CD425E20F2	35F1E7113268E6B2C8DA71E670F3E83CB80E071B	33000021C179C171FECC5A96D40000000021C1	good	-	-	1733011988.000000	1733704388.000000
1733582714.371099	F4nWKq4r18bB6DuVc	sha1	5060343D3B34B7408B5B64FD1D09C5346FF833F2	C35EAC4076C0064DE32B9499306073349829C651	33000017BD223B21D42E09095D0000000017BD	good	-	-	1733181041.000000	1733873441.000000
1733582714.574099	Fm8xu3fBlCzYd8IXg	sha1	B34FFCEAC1CA8DBE13FD8B8738B023F3D896F3AC	FE09714055051044D8A48175B89E1AE94A0688C8	3300B9B9D5622736E985A54155000000B9B9D5	good	-	-	1733184788.000000	1733877188.000000
1733582714.605482	FoXX0H3k0j2V9tDbI4	sha1	B34FFCEAC1CA8DBE13FD8B8738B023F3D896F3AC	FE09714055051044D8A48175B89E1AE94A0688C8	3300B9B9D5622736E985A54155000000B9B9D5	good	-	-	1733271188.000000	1733963588.000000
1733582714.616038	F9kEIR2fdXtfcXXG1	sha1	B34FFCEAC1CA8DBE13FD8B8738B023F3D896F3AC	FE09714055051044D8A48175B89E1AE94A0688C8	3300B9B9D5622736E985A54155000000B9B9D5	good	-	-	1733011988.000000	1733704388.000000
1733582721.019535	FqSyQI3pXu7vDAU8ya	sha1	7624DB6BD09C44BD8C92A5BC8159AA8199E6A50A	CE15163BEA02A3A66BDAD92BFDE58C52BE7A50A8	3300BA7F11068ECC2363C75753000000BA7F11	good	-	-	1733310614.000000	1734003014.000000
1733582739.226113	FCW41S1O3i5QfcGmT8	sha1	B34FFCEAC1CA8DBE13FD8B8738B023F3D896F3AC	FE09714055051044D8A48175B89E1AE94A0688C8	3300A9424520DFB83E83F38795000000A94245	good	-	-	1733357588.000000	1734049988.000000
1733582764.119603	F6AzmT1dNrPW0o9Rw2	sha1	B34FFCEAC1CA8DBE13FD8B8738B023F3D896F3AC	FE09714055051044D8A48175B89E1AE94A0688C8	3300A9424520DFB83E83F38795000000A94245	good	-	-	1733357588.000000	1734049988.000000
1733582835.221990	FrdCSK1X2HNTTLqWjc	sha1	7624DB6BD09C44BD8C92A5BC8159AA8199E6A50A	CE15163BEA02A3A66BDAD92BFDE58C52BE7A50A8	33006FF867FACDB2D946A4B0F60000006FF867	good	-	-	1733094614.000000	1733787014.000000
1733582835.304361	FbKGmr3fQu2H4gAYG6	sha1	7624DB6BD09C44BD8C92A5BC8159AA8199E6A50A	CE15163BEA02A3A66BDAD92BFDE58C52BE7A50A8	33006FF867FACDB2D946A4B0F60000006FF867	good	-	-	1733094614.000000	1733787014.000000
1733582835.341500	Fe3F7v26E5iT4j9Vzk	sha1	7624DB6BD09C44BD8C92A5BC8159AA8199E6A50A	CE15163BEA02A3A66BDAD92BFDE58C52BE7A50A8	33006FF867FACDB2D946A4B0F60000006FF867	good	-	-	1733094614.000000	1733787014.000000
1733582835.469236	FZBgwa4wPJ5Sl1uT1h	sha1	7624DB6BD09C44BD8C92A5BC8159AA8199E6A50A	CE15163BEA02A3A66BDAD92BFDE58C52BE7A50A8	33006FF867FACDB2D946A4B0F60000006FF867	good	-	-	1733094614.000000	1733787014.000000
1733582835.553646	FtkCOa1gB8tX3nzoh1	sha1	7624DB6BD09C44BD8C92A5BC8159AA8199E6A50A	CE15163BEA02A3A66BDAD92BFDE58C52BE7A50A8	33006FF867FACDB2D946A4B0F60000006FF867	good	-	-	1733094614.000000	1733787014.000000
1733582835.630962	FlauHr3gY6iUIvCHLi	sha1	7624DB6BD09C44BD8C92A5BC8159AA8199E6A50A	CE15163BEA02A3A66BDAD92BFDE58C52BE7A50A8	33006FF867FACDB2D946A4B0F60000006FF867	good	-	-	1733094614.000000	1733787014.000000
1733582835.713263	FwsSem3cACDl2eee6f	sha1	7624DB6BD09C44BD8C92A5BC8159AA8199E6A50A	CE15163BEA02A3A66BDAD92BFDE58C52BE7A50A8	33006FF867FACDB2D946A4B0F60000006FF867	good	-	-	1733094614.000000	1733787014.000000
1733582835.882633	F5eHid1qb7rOT0IEr5	sha1	7624DB6BD09C44BD8C92A5BC8159AA8199E6A50A	CE15163BEA02A3A66BDAD92BFDE58C52BE7A50A8	33006FF867FACDB2D946A4B0F60000006FF867	good	-	-	1733094614.000000	1733787014.000000
1733582836.292200	FcXYWs4XnPXBAK47Ha	sha1	7624DB6BD09C44BD8C92A5BC8159AA8199E6A50A	CE15163BEA02A3A66BDAD92BFDE58C52BE7A50A8	33006FF867FACDB2D946A4B0F60000006FF867	good	-	-	1733094614.000000	1733787014.000000
1733582836.395343	FPPOC81jqBttbbtbX5	sha1	7624DB6BD09C44BD8C92A5BC8159AA8199E6A50A	CE15163BEA02A3A66BDAD92BFDE58C52BE7A50A8	33006FF867FACDB2D946A4B0F60000006FF867	good	-	-	1733094614.000000	1733787014.000000
1733582836.817121	FwhOBF3h6OKvcikpqh	sha1	7624DB6BD09C44BD8C92A5BC8159AA8199E6A50A	CE15163BEA02A3A66BDAD92BFDE58C52BE7A50A8	33006FF867FACDB2D946A4B0F60000006FF867	good	-	-	1733094614.000000	1733787014.000000
1733582837.612822	Famj5U2x1rYRwjB1x	sha1	7624DB6BD09C44BD8C92A5BC8159AA8199E6A50A	CE15163BEA02A3A66BDAD92BFDE58C52BE7A50A8	33006FF867FACDB2D946A4B0F60000006FF867	good	-	-	1733094614.000000	1733787014.000000
1733582837.656606	FDpQej3KOAqcGwktS6	sha1	7624DB6BD09C44BD8C92A5BC8159AA8199E6A50A	CE15163BEA02A3A66BDAD92BFDE58C52BE7A50A8	33006FF867FACDB2D946A4B0F60000006FF867	good	-	-	1733094614.000000	1733787014.000000
1733582837.978721	FEL532E3CKO4pVdl	sha1	7624DB6BD09C44BD8C92A5BC8159AA8199E6A50A	CE15163BEA02A3A66BDAD92BFDE58C52BE7A50A8	33006FF867FACDB2D946A4B0F60000006FF867	good	-	-	1733094614.000000	1733787014.000000
1733582838.697100	FTvJzS7FLvqk7odK3	sha1	7624DB6BD09C44BD8C92A5BC8159AA8199E6A50A	CE15163BEA02A3A66BDAD92BFDE58C52BE7A50A8	33006FF867FACDB2D946A4B0F60000006FF867	good	-	-	1733094614.000000	1733787014.000000
1733582838.871399	FRC1gh1nMRzSg4BVOa	sha1	7624DB6BD09C44BD8C92A5BC8159AA8199E6A50A	CE15163BEA02A3A66BDAD92BFDE58C52BE7A50A8	33006FF867FACDB2D946A4B0F60000006FF867	good	-	-	1733094614.000000	1733787014.000000
1733582839.127768	FS4WZf3rr0y1DNAqr5	sha1	7624DB6BD09C44BD8C92A5BC8159AA8199E6A50A	CE15163BEA02A3A66BDAD92BFDE58C52BE7A50A8	33006FF867FACDB2D946A4B0F60000006FF867	good	-	-	1733094614.000000	1733787014.000000
1733582839.218533	FaJcpQ2V5jkMT6kaCl	sha1	7624DB6BD09C44BD8C92A5BC8159AA8199E6A50A	CE15163BEA02A3A66BDAD92BFDE58C52BE7A50A8	33006FF867FACDB2D946A4B0F60000006FF867	good	-	-	1733094614.000000	1733787014.000000
1733582839.286186	FBXjmy3D245M9IBbv8	sha1	7624DB6BD09C44BD8C92A5BC8159AA8199E6A50A	CE15163BEA02A3A66BDAD92BFDE58C52BE7A50A8	33006FF867FACDB2D946A4B0F60000006FF867	good	-	-	1733094614.000000	1733787014.000000
1733582839.314282	FfmmTr1pwb1obuDanf	sha1	7624DB6BD09C44BD8C92A5BC8159AA8199E6A50A	CE15163BEA02A3A66BDAD92BFDE58C52BE7A50A8	33006FF867FACDB2D946A4B0F60000006FF867	good	-	-	1733094614.000000	1733787014.000000
1733582839.333751	Fa1G0oBmvQ2MkEE9e	sha1	7624DB6BD09C44BD8C92A5BC8159AA8199E6A50A	CE15163BEA02A3A66BDAD92BFDE58C52BE7A50A8	33006FF867FACDB2D946A4B0F60000006FF867	good	-	-	1733094614.000000	1733787014.000000
1733582839.353952	FXNWLF3hpoUsdIAfRc	sha1	7624DB6BD09C44BD8C92A5BC8159AA8199E6A50A	CE15163BEA02A3A66BDAD92BFDE58C52BE7A50A8	33006FF867FACDB2D946A4B0F60000006FF867	good	-	-	1733094614.000000	1733787014.000000
1733582839.477628	FSA3rs3zRzttxnvyhe	sha1	105FA67A80089DB5279F35CE830B43889EA3C70D	0F80611C823161D52F28E78D4638B42CE1C6D9E2	0CAC171654DB54DB887361A35563BA46	good	-	-	1733556061.000000	1734157261.000000
1733582839.495704	FyTyo9txz7mvK957k	sha1	8051060132AD9AC27D5187A0E887FB01620155EE	03DE503556D14CBB66F0A3E21B1BC397B23DD155	02742EAA17CA8E21C717BB1FFCFD0CA0	good	-	-	1733531258.000000	1734136058.000000
1733582839.957779	FACI75HApCy3P7nW7	sha1	105FA67A80089DB5279F35CE830B43889EA3C70D	0F80611C823161D52F28E78D4638B42CE1C6D9E2	0CAC171654DB54DB887361A35563BA46	good	-	-	1733556061.000000	1734157261.000000
1733582846.784371	Fdpokj4fZOMqgU7OV5	sha1	7624DB6BD09C44BD8C92A5BC8159AA8199E6A50A	CE15163BEA02A3A66BDAD92BFDE58C52BE7A50A8	33002C00FAA7F37C1D184C9CAB0000002C00FA	good	-	-	1732921814.000000	1733614214.000000
#close	2024-12-28-09-13-31
