#separator \x09
#set_separator	,
#empty_field	(empty)
#unset_field	-
#path	ocsp
#open	2024-12-29-21-17-14
#fields	ts	id	hashAlgorithm	issuerNameHash	issuerKeyHash	serialNumber	certStatus	revoketime	revokereason	thisUpdate	nextUpdate
#types	time	string	string	string	string	string	string	time	string	time	time
1733583314.863423	FmumF445HKg3rK9T31	sha1	105FA67A80089DB5279F35CE830B43889EA3C70D	0F80611C823161D52F28E78D4638B42CE1C6D9E2	0984EA1BCB6CE28E89A593CA0D4301DA	good	-	-	1733538061.000000	1734139261.000000
1733583318.876457	FZaDGn4fg8XaqLn7b9	sha1	B34FFCEAC1CA8DBE13FD8B8738B023F3D896F3AC	FE09714055051044D8A48175B89E1AE94A0688C8	3300A9424520DFB83E83F38795000000A94245	good	-	-	1733098388.000000	1733790788.000000
1733583411.743465	FfSZYi1IHOIaspuIVg	sha1	1BC66318D19B621575EEB02B7469CD52D59A2AE2	F67E2FBD80A34AB2705BEBDF9A1FD8EDCA618007	330078B99FA7F72F81B2BA53B800000078B99F	good	-	-	1733440205.000000	1734132605.000000
1733583411.770127	FlIkopw60ojaPOH0f	sha1	39D28B71FE1D19B65FB3F1288F23BC04595C4395	4E2254201895E6E36EE60FFAFAB912ED06178F39	0EFB7E547EDF0FF1069AEE57696D7BA0	good	-	-	1733533402.000000	1734138202.000000
1733583482.199972	FyI7h54nLL7JDcL6sh	sha1	8CF6B6806AEAB1330593116487D472BC2F82BDD1	65E02A531DA747F10D31803C5678DBEC5197AC33	01CA4913951EAD8E25B4E4D1AFB1C35E	good	-	-	1733587200.000000	1733630400.000000
1733583483.751738	Fs7Pr32jJG6yebKw2f	sha1	3A1979741DCF77D3D6572B57CAFFF6F62B1D5A3A	EE9A2E46F0C2DA3C5CC78CD6A47598DEA8190A65	0D8E45E3B9F516040636B253F65989C5	good	-	-	1733561101.000000	1734162301.000000
1733583483.998836	F4dY312R3d9zAoGub	sha1	E4E395A229D3D4C1C31FF0980C0B4EC0098AABD8	B76BA2EAA8AA848C79EAB4DA0F98B2C59576B9F4	02E1923AF62B5628FC8A6C2678ABB505	good	-	-	1733154302.000000	1733755502.000000
1733583484.817785	F49A7b4pmik4TfAoLe	sha1	E4E395A229D3D4C1C31FF0980C0B4EC0098AABD8	B76BA2EAA8AA848C79EAB4DA0F98B2C59576B9F4	02E1923AF62B5628FC8A6C2678ABB505	good	-	-	1733154302.000000	1733755502.000000
1733583485.291760	FBq8RD31GPpWpEqFS3	sha1	5F1307B225ABB8FD86158BBFB5D0CB5B1B427AA9	66C0C7A39ACDFEF3EACE4B530B615EAF3305B3E1	01104CDDEF0986BE13F0694A8CBEDC09	good	-	-	1733598000.000000	1733641200.000000
1733583486.365441	F6OjWw4wVs7qlyuqma	sha1	E4E395A229D3D4C1C31FF0980C0B4EC0098AABD8	B76BA2EAA8AA848C79EAB4DA0F98B2C59576B9F4	051652CB0D174AF3481F52946FA807F5	good	-	-	1733426102.000000	1734027302.000000
1733583486.365637	FRG4LG3b0mQBIHfH3a	sha1	E4E395A229D3D4C1C31FF0980C0B4EC0098AABD8	B76BA2EAA8AA848C79EAB4DA0F98B2C59576B9F4	051652CB0D174AF3481F52946FA807F5	good	-	-	1733426102.000000	1734027302.000000
1733583486.367043	FRiX8Q3c37YSSTbgd	sha1	E4E395A229D3D4C1C31FF0980C0B4EC0098AABD8	B76BA2EAA8AA848C79EAB4DA0F98B2C59576B9F4	051652CB0D174AF3481F52946FA807F5	good	-	-	1733426102.000000	1734027302.000000
1733583486.612944	Fn2Lfo3dQCydwxa5Ad	sha1	3A1979741DCF77D3D6572B57CAFFF6F62B1D5A3A	EE9A2E46F0C2DA3C5CC78CD6A47598DEA8190A65	0D8E45E3B9F516040636B253F65989C5	good	-	-	1733561101.000000	1734162301.000000
1733583486.693780	FPWQf64AcP6cN9rO37	sha1	B9BED5F1A61E40B24196B0C29E7E1A9D8BFCB520	9077923567C4FFA8CCA9E67BD980797BCC93F938	982DC4C91EBB43530D597246DB2ED04A	good	-	-	1733308012.000000	1733909211.000000
1733583486.697049	F1iNWu4xHkj7Rnw7ng	sha1	CF94DC5C304AA79485721F956E67895AC21657DD	F6850A3B1186E1047D0EAA0B2CD2EECC647B7BAE	5F4A10294BAA1105B2B14ACCFA7E1A4B	good	-	-	1733500399.000000	1734105198.000000
1733583486.698882	F6pk4Q1L4PPXWOzdof	sha1	CF94DC5C304AA79485721F956E67895AC21657DD	F6850A3B1186E1047D0EAA0B2CD2EECC647B7BAE	5F4A10294BAA1105B2B14ACCFA7E1A4B	good	-	-	1733500399.000000	1734105198.000000
1733583486.872591	FGt18n2oIQngh1W4Xi	sha1	B9BED5F1A61E40B24196B0C29E7E1A9D8BFCB520	9077923567C4FFA8CCA9E67BD980797BCC93F938	F5CBE22A8C31A34F111E667944206932	good	-	-	1733211406.000000	1733812605.000000
1733583486.975459	F3uCVX17YIHS65qo7d	sha1	3A1979741DCF77D3D6572B57CAFFF6F62B1D5A3A	EE9A2E46F0C2DA3C5CC78CD6A47598DEA8190A65	0D8E45E3B9F516040636B253F65989C5	good	-	-	1733561101.000000	1734162301.000000
1733583490.413024	F2ch1M3WgSYDO27392	sha1	E475019DC323E226741D6C40390795F90596462E	3B70D153E976259D60A8CA660FC69BAE6F54166A	3300E258497850FC6287B76F2C000000E25849	good	-	-	1733271188.000000	1733963588.000000
1733583581.872612	FITrw12IwqI1TPGCL8	sha1	B34FFCEAC1CA8DBE13FD8B8738B023F3D896F3AC	FE09714055051044D8A48175B89E1AE94A0688C8	3300A9424520DFB83E83F38795000000A94245	good	-	-	1733098388.000000	1733790788.000000
1733583583.872148	FNH0O64mxkwJKOatLi	sha1	B34FFCEAC1CA8DBE13FD8B8738B023F3D896F3AC	FE09714055051044D8A48175B89E1AE94A0688C8	3300A9424520DFB83E83F38795000000A94245	good	-	-	1733357588.000000	1734049988.000000
1733583590.471977	FqGIjWrXMlTlX6V2c	sha1	B34FFCEAC1CA8DBE13FD8B8738B023F3D896F3AC	FE09714055051044D8A48175B89E1AE94A0688C8	3300A9424520DFB83E83F38795000000A94245	good	-	-	1733357588.000000	1734049988.000000
1733583593.982577	FuJ07c4xVmROXGEiR9	sha1	E4E395A229D3D4C1C31FF0980C0B4EC0098AABD8	B76BA2EAA8AA848C79EAB4DA0F98B2C59576B9F4	0BDD3DA5B14C66514D1336C3BE670A68	good	-	-	1733205781.000000	1733806981.000000
1733583595.684767	FvzAeq2ycUswAQNpZ5	sha1	3A1979741DCF77D3D6572B57CAFFF6F62B1D5A3A	EE9A2E46F0C2DA3C5CC78CD6A47598DEA8190A65	0D8E45E3B9F516040636B253F65989C5	good	-	-	1733561101.000000	1734162301.000000
1733583604.602291	FiZnIB2z1gp8WRPD58	sha1	E475019DC323E226741D6C40390795F90596462E	3B70D153E976259D60A8CA660FC69BAE6F54166A	3300E258497850FC6287B76F2C000000E25849	good	-	-	1733011989.000000	1733704389.000000
1733583613.135077	FqotmR3YGMJUMcr4V3	sha1	3A1979741DCF77D3D6572B57CAFFF6F62B1D5A3A	EE9A2E46F0C2DA3C5CC78CD6A47598DEA8190A65	0D8E45E3B9F516040636B253F65989C5	good	-	-	1733561101.000000	1734162301.000000
1733583614.820787	FVFJyA3Q4npOpL3E8a	sha1	E475019DC323E226741D6C40390795F90596462E	3B70D153E976259D60A8CA660FC69BAE6F54166A	3300E258497850FC6287B76F2C000000E25849	good	-	-	1733011989.000000	1733704389.000000
1733583615.257653	FnR6Pt3cnzCPvdneUk	sha1	3A1979741DCF77D3D6572B57CAFFF6F62B1D5A3A	EE9A2E46F0C2DA3C5CC78CD6A47598DEA8190A65	0D8E45E3B9F516040636B253F65989C5	good	-	-	1733561101.000000	1734162301.000000
1733583617.863194	FcF1vL6aet5eYCrIa	sha1	E4E395A229D3D4C1C31FF0980C0B4EC0098AABD8	B76BA2EAA8AA848C79EAB4DA0F98B2C59576B9F4	0BDD3DA5B14C66514D1336C3BE670A68	good	-	-	1733205781.000000	1733806981.000000
1733583678.582592	FCbnONhgXTg1eE8jg	sha1	3A1979741DCF77D3D6572B57CAFFF6F62B1D5A3A	EE9A2E46F0C2DA3C5CC78CD6A47598DEA8190A65	0D8E45E3B9F516040636B253F65989C5	good	-	-	1733561101.000000	1734162301.000000
1733583683.711737	FbwW381WovCgSbqkG7	sha1	1720381127B5F4546602F7407D974C26464E0011	AF0D02D0C31B9E58F8EF37622DE7035D9E414A8A	01C3B419A8F22CF2F3C585E271D9DE65	good	-	-	1733580000.000000	1733623200.000000
1733583684.520245	FqCQUm4cq8XueaA8Hd	sha1	E4E395A229D3D4C1C31FF0980C0B4EC0098AABD8	B76BA2EAA8AA848C79EAB4DA0F98B2C59576B9F4	0D97F5564168095A0DAD9BCCE2AA2084	good	-	-	1733043062.000000	1733644262.000000
1733583708.082128	FBtznf1XZJdofGyCSl	sha1	3A1979741DCF77D3D6572B57CAFFF6F62B1D5A3A	EE9A2E46F0C2DA3C5CC78CD6A47598DEA8190A65	0D8E45E3B9F516040636B253F65989C5	good	-	-	1733561101.000000	1734162301.000000
1733583714.752996	FaQlup3qhUELyZ5JUk	sha1	E475019DC323E226741D6C40390795F90596462E	3B70D153E976259D60A8CA660FC69BAE6F54166A	330033AA11477CE3B3656C5FB300000033AA11	good	-	-	1733271188.000000	1733963588.000000
1733583714.794271	FazWla240LdolXavIb	sha1	7624DB6BD09C44BD8C92A5BC8159AA8199E6A50A	CE15163BEA02A3A66BDAD92BFDE58C52BE7A50A8	33003435152F23E2477DC0CD90000000343515	good	-	-	1733440214.000000	1734132614.000000
1733583715.058361	FpBcuF4abH807awNzi	sha1	B34FFCEAC1CA8DBE13FD8B8738B023F3D896F3AC	FE09714055051044D8A48175B89E1AE94A0688C8	3300C0DA4E721F51BFD16120A2000000C0DA4E	good	-	-	1733184788.000000	1733877188.000000
1733583715.548529	FOW7TM1RJoCBmGVif1	sha1	E4E395A229D3D4C1C31FF0980C0B4EC0098AABD8	B76BA2EAA8AA848C79EAB4DA0F98B2C59576B9F4	0D97F5564168095A0DAD9BCCE2AA2084	good	-	-	1733129462.000000	1733730662.000000
1733583720.648506	Fbj8k71vJlKsRpEl1h	sha1	B34FFCEAC1CA8DBE13FD8B8738B023F3D896F3AC	FE09714055051044D8A48175B89E1AE94A0688C8	3300C0DA4E721F51BFD16120A2000000C0DA4E	good	-	-	1733011988.000000	1733704388.000000
1733583720.668184	Fr0D3L3OK2GUbWrl02	sha1	39D28B71FE1D19B65FB3F1288F23BC04595C4395	4E2254201895E6E36EE60FFAFAB912ED06178F39	05196526449A5E3D1A38748F5DCFEBCC	good	-	-	1733533307.000000	1734138107.000000
1733583740.083879	FeApZ62YDCTcS8qe3	sha1	A7C4B8B3DC5BB5581EA7D7F13AC569F56F48D789	748580C066C7DF37DECFBD2937AA031DBEEDCD17	043EED9DB84F552C9DACFEAE6293AC4A	good	-	-	1733507462.000000	1734108662.000000
1733583752.123105	FS6wPG1dN2DET1YjF	sha1	105FA67A80089DB5279F35CE830B43889EA3C70D	0F80611C823161D52F28E78D4638B42CE1C6D9E2	0CAC171654DB54DB887361A35563BA46	good	-	-	1733556061.000000	1734157261.000000
1733583768.383073	FodguZnZzCziftaGi	sha1	3A1979741DCF77D3D6572B57CAFFF6F62B1D5A3A	EE9A2E46F0C2DA3C5CC78CD6A47598DEA8190A65	0D8E45E3B9F516040636B253F65989C5	good	-	-	1733561101.000000	1734162301.000000
1733583771.811223	F0M50O3LuD9X3ZJgm5	sha1	3A1979741DCF77D3D6572B57CAFFF6F62B1D5A3A	EE9A2E46F0C2DA3C5CC78CD6A47598DEA8190A65	0D8E45E3B9F516040636B253F65989C5	good	-	-	1733561101.000000	1734162301.000000
1733583782.002693	Fpx5vTWbBN0PzzoS1	sha1	E4E395A229D3D4C1C31FF0980C0B4EC0098AABD8	B76BA2EAA8AA848C79EAB4DA0F98B2C59576B9F4	0D97F5564168095A0DAD9BCCE2AA2084	good	-	-	1733043062.000000	1733644262.000000
1733583804.017421	F8tb2l3FEloYCjzFJ2	sha1	3A1979741DCF77D3D6572B57CAFFF6F62B1D5A3A	EE9A2E46F0C2DA3C5CC78CD6A47598DEA8190A65	0D8E45E3B9F516040636B253F65989C5	good	-	-	1733561101.000000	1734162301.000000
1733583804.790298	FxaEL625YDrWm7Oref	sha1	B34FFCEAC1CA8DBE13FD8B8738B023F3D896F3AC	FE09714055051044D8A48175B89E1AE94A0688C8	3300A9424520DFB83E83F38795000000A94245	good	-	-	1733443988.000000	1734136388.000000
1733583812.936297	FwrnIS3KxF0CtHiAff	sha1	E4E395A229D3D4C1C31FF0980C0B4EC0098AABD8	B76BA2EAA8AA848C79EAB4DA0F98B2C59576B9F4	0BDD3DA5B14C66514D1336C3BE670A68	good	-	-	1733378582.000000	1733979782.000000
1733583813.166835	FcMpxW33VVsmjbUon1	sha1	E4E395A229D3D4C1C31FF0980C0B4EC0098AABD8	B76BA2EAA8AA848C79EAB4DA0F98B2C59576B9F4	0BDD3DA5B14C66514D1336C3BE670A68	good	-	-	1733378582.000000	1733979782.000000
1733583829.074202	FlHRst64meNX1MwMe	sha1	3A1979741DCF77D3D6572B57CAFFF6F62B1D5A3A	EE9A2E46F0C2DA3C5CC78CD6A47598DEA8190A65	0D8E45E3B9F516040636B253F65989C5	good	-	-	1733561101.000000	1734162301.000000
1733583833.354656	FQm4rZfsgFEM2FZJ1	sha1	E4E395A229D3D4C1C31FF0980C0B4EC0098AABD8	B76BA2EAA8AA848C79EAB4DA0F98B2C59576B9F4	0BDD3DA5B14C66514D1336C3BE670A68	good	-	-	1733378582.000000	1733979782.000000
1733583861.197089	FPFGYe1t02VJLFZqb7	sha1	3A1979741DCF77D3D6572B57CAFFF6F62B1D5A3A	EE9A2E46F0C2DA3C5CC78CD6A47598DEA8190A65	0D8E45E3B9F516040636B253F65989C5	good	-	-	1733561101.000000	1734162301.000000
1733583927.368211	Fmb5t6FmwksvzMik5	sha1	3A1979741DCF77D3D6572B57CAFFF6F62B1D5A3A	EE9A2E46F0C2DA3C5CC78CD6A47598DEA8190A65	0D8E45E3B9F516040636B253F65989C5	good	-	-	1733561101.000000	1734162301.000000
1733583929.084894	Fpmdqd2QJ8vquFuEe8	sha1	3A1979741DCF77D3D6572B57CAFFF6F62B1D5A3A	EE9A2E46F0C2DA3C5CC78CD6A47598DEA8190A65	0D8E45E3B9F516040636B253F65989C5	good	-	-	1733561101.000000	1734162301.000000
1733583937.698317	F3vpIGbWhQXaV9GKe	sha1	B34FFCEAC1CA8DBE13FD8B8738B023F3D896F3AC	FE09714055051044D8A48175B89E1AE94A0688C8	3300A9424520DFB83E83F38795000000A94245	good	-	-	1733098388.000000	1733790788.000000
1733583937.733271	FdNrP64NVgG1NTgqh5	sha1	B34FFCEAC1CA8DBE13FD8B8738B023F3D896F3AC	FE09714055051044D8A48175B89E1AE94A0688C8	3300A9424520DFB83E83F38795000000A94245	good	-	-	1733098388.000000	1733790788.000000
1733583937.774479	FYbLqC160W54JRSTQe	sha1	B34FFCEAC1CA8DBE13FD8B8738B023F3D896F3AC	FE09714055051044D8A48175B89E1AE94A0688C8	3300A9424520DFB83E83F38795000000A94245	good	-	-	1733098388.000000	1733790788.000000
1733583953.082193	FsYFgDrmmbxDAxkxf	sha1	3A1979741DCF77D3D6572B57CAFFF6F62B1D5A3A	EE9A2E46F0C2DA3C5CC78CD6A47598DEA8190A65	0D8E45E3B9F516040636B253F65989C5	good	-	-	1733561101.000000	1734162301.000000
1733583960.217775	FZ8SXihC3okzrhqSh	sha1	E475019DC323E226741D6C40390795F90596462E	3B70D153E976259D60A8CA660FC69BAE6F54166A	3300E258497850FC6287B76F2C000000E25849	good	-	-	1733011989.000000	1733704389.000000
1733583960.218370	Fh9Hld1OxiOIgQGSGl	sha1	E475019DC323E226741D6C40390795F90596462E	3B70D153E976259D60A8CA660FC69BAE6F54166A	3300E258497850FC6287B76F2C000000E25849	good	-	-	1733011989.000000	1733704389.000000
1733583960.467300	FkWtWo3cz8HEMAKcGl	sha1	E475019DC323E226741D6C40390795F90596462E	3B70D153E976259D60A8CA660FC69BAE6F54166A	3300E258497850FC6287B76F2C000000E25849	good	-	-	1733271188.000000	1733963588.000000
1733583967.334905	FyuO5R1eUPUG39uze5	sha1	E475019DC323E226741D6C40390795F90596462E	3B70D153E976259D60A8CA660FC69BAE6F54166A	3300502432632DDA01121C9952000000502432	good	-	-	1733271188.000000	1733963588.000000
1733583968.447637	FV47K94806rp02Shs	sha1	105FA67A80089DB5279F35CE830B43889EA3C70D	0F80611C823161D52F28E78D4638B42CE1C6D9E2	030B0210D68541EEC2177743E1C14E26	good	-	-	1733327822.000000	1733929022.000000
1733583968.611619	F5UxOa4EYcjO9uQMg4	sha1	3A1979741DCF77D3D6572B57CAFFF6F62B1D5A3A	EE9A2E46F0C2DA3C5CC78CD6A47598DEA8190A65	0D8E45E3B9F516040636B253F65989C5	good	-	-	1733561101.000000	1734162301.000000
1733583968.769826	FMZq9K1xt8lsmMm4Yl	sha1	3A1979741DCF77D3D6572B57CAFFF6F62B1D5A3A	EE9A2E46F0C2DA3C5CC78CD6A47598DEA8190A65	0D8E45E3B9F516040636B253F65989C5	good	-	-	1733561101.000000	1734162301.000000
1733584019.992068	Fjk6dz3UQBvu71Irc9	sha1	E475019DC323E226741D6C40390795F90596462E	3B70D153E976259D60A8CA660FC69BAE6F54166A	3300E258497850FC6287B76F2C000000E25849	good	-	-	1733271188.000000	1733963588.000000
1733584541.201333	Fbt5n72DuXVJbMDox5	sha1	B34FFCEAC1CA8DBE13FD8B8738B023F3D896F3AC	FE09714055051044D8A48175B89E1AE94A0688C8	3300A9424520DFB83E83F38795000000A94245	good	-	-	1733357588.000000	1734049988.000000
1733584560.728932	F0vEob4PtrUg4WBzw2	sha1	B34FFCEAC1CA8DBE13FD8B8738B023F3D896F3AC	FE09714055051044D8A48175B89E1AE94A0688C8	3300A9424520DFB83E83F38795000000A94245	good	-	-	1733443988.000000	1734136388.000000
1733584561.844039	FcbWHR164S09efHKNd	sha1	B34FFCEAC1CA8DBE13FD8B8738B023F3D896F3AC	FE09714055051044D8A48175B89E1AE94A0688C8	3300A9424520DFB83E83F38795000000A94245	good	-	-	1733443988.000000	1734136388.000000
1733584561.844309	F8nGD94u29sp9xogxe	sha1	B34FFCEAC1CA8DBE13FD8B8738B023F3D896F3AC	FE09714055051044D8A48175B89E1AE94A0688C8	3300A9424520DFB83E83F38795000000A94245	good	-	-	1733357588.000000	1734049988.000000
1733584561.845083	FMIkGF3FDYhS9Ufqr3	sha1	B34FFCEAC1CA8DBE13FD8B8738B023F3D896F3AC	FE09714055051044D8A48175B89E1AE94A0688C8	3300A9424520DFB83E83F38795000000A94245	good	-	-	1733357588.000000	1734049988.000000
1733584959.476349	FEIvvL14ZXKMxkDxjj	sha1	E475019DC323E226741D6C40390795F90596462E	3B70D153E976259D60A8CA660FC69BAE6F54166A	3300502432632DDA01121C9952000000502432	good	-	-	1733184788.000000	1733877188.000000
1733585051.845702	FByNJN3eUhjMziffb5	sha1	B34FFCEAC1CA8DBE13FD8B8738B023F3D896F3AC	FE09714055051044D8A48175B89E1AE94A0688C8	3300A9424520DFB83E83F38795000000A94245	good	-	-	1733357588.000000	1734049988.000000
#close	2024-12-29-21-17-39
