#separator \x09
#set_separator	,
#empty_field	(empty)
#unset_field	-
#path	ocsp
#open	2024-12-29-21-19-18
#fields	ts	id	hashAlgorithm	issuerNameHash	issuerKeyHash	serialNumber	certStatus	revoketime	revokereason	thisUpdate	nextUpdate
#types	time	string	string	string	string	string	string	time	string	time	time
1733588657.187374	FYdjPg1RDPHRZI0tb4	sha1	B34FFCEAC1CA8DBE13FD8B8738B023F3D896F3AC	FE09714055051044D8A48175B89E1AE94A0688C8	3300A9424520DFB83E83F38795000000A94245	good	-	-	1733357588.000000	1734049988.000000
1733588757.763378	FbgnmH2t6ya2MHebd1	sha1	E4E395A229D3D4C1C31FF0980C0B4EC0098AABD8	B76BA2EAA8AA848C79EAB4DA0F98B2C59576B9F4	0BDD3DA5B14C66514D1336C3BE670A68	good	-	-	1733292182.000000	1733893382.000000
1733588811.819341	F1olLu35Vh7QrPBcCf	sha1	E475019DC323E226741D6C40390795F90596462E	3B70D153E976259D60A8CA660FC69BAE6F54166A	3300B5AA51DDFB16FEE0BFDB7C000000B5AA51	good	-	-	1733443988.000000	1734136388.000000
1733588969.152857	FBy5pd3ZeiTrU9uJo7	sha1	B34FFCEAC1CA8DBE13FD8B8738B023F3D896F3AC	FE09714055051044D8A48175B89E1AE94A0688C8	3300A9424520DFB83E83F38795000000A94245	good	-	-	1733443988.000000	1734136388.000000
1733588969.257633	FPzsip2NqSiZlNvpd6	sha1	B34FFCEAC1CA8DBE13FD8B8738B023F3D896F3AC	FE09714055051044D8A48175B89E1AE94A0688C8	3300A9424520DFB83E83F38795000000A94245	good	-	-	1733357588.000000	1734049988.000000
1733588969.584196	FolGRZEoEXdvI9Wsh	sha1	B34FFCEAC1CA8DBE13FD8B8738B023F3D896F3AC	FE09714055051044D8A48175B89E1AE94A0688C8	3300A9424520DFB83E83F38795000000A94245	good	-	-	1733357588.000000	1734049988.000000
1733588969.649853	FConcf2HBSxnx8HMF1	sha1	B34FFCEAC1CA8DBE13FD8B8738B023F3D896F3AC	FE09714055051044D8A48175B89E1AE94A0688C8	3300A9424520DFB83E83F38795000000A94245	good	-	-	1733357588.000000	1734049988.000000
1733588969.709320	FoHrJI2qvs63n0bKl6	sha1	B34FFCEAC1CA8DBE13FD8B8738B023F3D896F3AC	FE09714055051044D8A48175B89E1AE94A0688C8	3300A9424520DFB83E83F38795000000A94245	good	-	-	1733357588.000000	1734049988.000000
1733589004.105852	FCFlKZ4R3VnUtiKSc	sha1	E475019DC323E226741D6C40390795F90596462E	3B70D153E976259D60A8CA660FC69BAE6F54166A	3300B5AA51DDFB16FEE0BFDB7C000000B5AA51	good	-	-	1733443988.000000	1734136388.000000
1733589010.549762	FrZMkI2MVn2FlN0Xpj	sha1	7624DB6BD09C44BD8C92A5BC8159AA8199E6A50A	CE15163BEA02A3A66BDAD92BFDE58C52BE7A50A8	3300ED47D234550FF0446EBAEC000000ED47D2	good	-	-	1733267414.000000	1733959814.000000
1733589020.376654	FJLowc1CCxHoz8fE2h	sha1	B34FFCEAC1CA8DBE13FD8B8738B023F3D896F3AC	FE09714055051044D8A48175B89E1AE94A0688C8	3300A9424520DFB83E83F38795000000A94245	good	-	-	1733357588.000000	1734049988.000000
1733589020.486712	FLEDPQ3kEWZLv20bBb	sha1	B34FFCEAC1CA8DBE13FD8B8738B023F3D896F3AC	FE09714055051044D8A48175B89E1AE94A0688C8	3300A9424520DFB83E83F38795000000A94245	good	-	-	1733357588.000000	1734049988.000000
1733589020.894919	FygRwD3v5kMSPJ4dja	sha1	B34FFCEAC1CA8DBE13FD8B8738B023F3D896F3AC	FE09714055051044D8A48175B89E1AE94A0688C8	3300A9424520DFB83E83F38795000000A94245	good	-	-	1733357588.000000	1734049988.000000
1733589021.553834	FDH1Q53i5U9QUwKs6e	sha1	B34FFCEAC1CA8DBE13FD8B8738B023F3D896F3AC	FE09714055051044D8A48175B89E1AE94A0688C8	3300A9424520DFB83E83F38795000000A94245	good	-	-	1733098388.000000	1733790788.000000
1733589022.954194	F6GVC12zD9W8XuN8K9	sha1	B34FFCEAC1CA8DBE13FD8B8738B023F3D896F3AC	FE09714055051044D8A48175B89E1AE94A0688C8	3300A9424520DFB83E83F38795000000A94245	good	-	-	1733357588.000000	1734049988.000000
1733589027.758797	FPi90X3mQhoMDKRxN7	sha1	1BC66318D19B621575EEB02B7469CD52D59A2AE2	F67E2FBD80A34AB2705BEBDF9A1FD8EDCA618007	330077FAB38EEF0A9DAA155F0600000077FAB3	good	-	-	1733454605.000000	1734147005.000000
1733589028.126562	FWUK5l1mE0i52kH4Zc	sha1	39D28B71FE1D19B65FB3F1288F23BC04595C4395	4E2254201895E6E36EE60FFAFAB912ED06178F39	0EFB7E547EDF0FF1069AEE57696D7BA0	good	-	-	1733533402.000000	1734138202.000000
1733589032.888769	FGkvGr4DuZ1cnF9a6i	sha1	B34FFCEAC1CA8DBE13FD8B8738B023F3D896F3AC	FE09714055051044D8A48175B89E1AE94A0688C8	3300A9424520DFB83E83F38795000000A94245	good	-	-	1733357588.000000	1734049988.000000
1733589039.212132	FwrFswAoMdVFQ3Nkf	sha1	B34FFCEAC1CA8DBE13FD8B8738B023F3D896F3AC	FE09714055051044D8A48175B89E1AE94A0688C8	3300A9424520DFB83E83F38795000000A94245	good	-	-	1733357588.000000	1734049988.000000
1733589039.316415	F4kt0B180olijfMmrf	sha1	B34FFCEAC1CA8DBE13FD8B8738B023F3D896F3AC	FE09714055051044D8A48175B89E1AE94A0688C8	3300A9424520DFB83E83F38795000000A94245	good	-	-	1733357588.000000	1734049988.000000
1733589039.539498	Fx5FOVCrBLtOvBKDi	sha1	B34FFCEAC1CA8DBE13FD8B8738B023F3D896F3AC	FE09714055051044D8A48175B89E1AE94A0688C8	3300A9424520DFB83E83F38795000000A94245	good	-	-	1733098388.000000	1733790788.000000
1733589039.769815	F6uTzE38q8VOIe98v4	sha1	B34FFCEAC1CA8DBE13FD8B8738B023F3D896F3AC	FE09714055051044D8A48175B89E1AE94A0688C8	3300A9424520DFB83E83F38795000000A94245	good	-	-	1733357588.000000	1734049988.000000
1733589041.578099	FjZs2j39oNWFeYVVXl	sha1	B34FFCEAC1CA8DBE13FD8B8738B023F3D896F3AC	FE09714055051044D8A48175B89E1AE94A0688C8	3300A9424520DFB83E83F38795000000A94245	good	-	-	1733357588.000000	1734049988.000000
1733589041.943482	FKVMVdxLLStQX0q0b	sha1	B34FFCEAC1CA8DBE13FD8B8738B023F3D896F3AC	FE09714055051044D8A48175B89E1AE94A0688C8	3300A9424520DFB83E83F38795000000A94245	good	-	-	1733098388.000000	1733790788.000000
1733589042.180491	FnCwZf4d6a77LHabIk	sha1	B34FFCEAC1CA8DBE13FD8B8738B023F3D896F3AC	FE09714055051044D8A48175B89E1AE94A0688C8	3300A9424520DFB83E83F38795000000A94245	good	-	-	1733357588.000000	1734049988.000000
1733589042.448291	FUk9qd2BI0Xs0XkQQe	sha1	B34FFCEAC1CA8DBE13FD8B8738B023F3D896F3AC	FE09714055051044D8A48175B89E1AE94A0688C8	3300A9424520DFB83E83F38795000000A94245	good	-	-	1733357588.000000	1734049988.000000
1733589043.036274	FqAAP92J27Jd0X1cl2	sha1	B34FFCEAC1CA8DBE13FD8B8738B023F3D896F3AC	FE09714055051044D8A48175B89E1AE94A0688C8	3300A9424520DFB83E83F38795000000A94245	good	-	-	1733357588.000000	1734049988.000000
1733589045.136534	Fmmnq81cOgN3kAaaob	sha1	B34FFCEAC1CA8DBE13FD8B8738B023F3D896F3AC	FE09714055051044D8A48175B89E1AE94A0688C8	3300A9424520DFB83E83F38795000000A94245	good	-	-	1733357588.000000	1734049988.000000
1733589045.457881	F6j9wE1xVuPvLoEGc9	sha1	B34FFCEAC1CA8DBE13FD8B8738B023F3D896F3AC	FE09714055051044D8A48175B89E1AE94A0688C8	3300A9424520DFB83E83F38795000000A94245	good	-	-	1733098388.000000	1733790788.000000
1733589052.352621	Fx154T3wAKRnjrhrYh	sha1	B34FFCEAC1CA8DBE13FD8B8738B023F3D896F3AC	FE09714055051044D8A48175B89E1AE94A0688C8	3300A9424520DFB83E83F38795000000A94245	good	-	-	1733098388.000000	1733790788.000000
1733589052.593480	F4x0tc19vZdIYgYxA2	sha1	B34FFCEAC1CA8DBE13FD8B8738B023F3D896F3AC	FE09714055051044D8A48175B89E1AE94A0688C8	3300A9424520DFB83E83F38795000000A94245	good	-	-	1733098388.000000	1733790788.000000
1733589052.751222	FLR3aZ3biPpUqxxyZk	sha1	B34FFCEAC1CA8DBE13FD8B8738B023F3D896F3AC	FE09714055051044D8A48175B89E1AE94A0688C8	3300A9424520DFB83E83F38795000000A94245	good	-	-	1733357588.000000	1734049988.000000
1733589055.110572	FRJ4ah6rrye7KASN1	sha1	B34FFCEAC1CA8DBE13FD8B8738B023F3D896F3AC	FE09714055051044D8A48175B89E1AE94A0688C8	3300A9424520DFB83E83F38795000000A94245	good	-	-	1733098388.000000	1733790788.000000
1733589061.393376	FO5Wfm1H9OqnLLLKSb	sha1	B34FFCEAC1CA8DBE13FD8B8738B023F3D896F3AC	FE09714055051044D8A48175B89E1AE94A0688C8	3300A9424520DFB83E83F38795000000A94245	good	-	-	1733357588.000000	1734049988.000000
1733589066.086173	FlX9g44rIYmIxQBgal	sha1	B34FFCEAC1CA8DBE13FD8B8738B023F3D896F3AC	FE09714055051044D8A48175B89E1AE94A0688C8	3300A9424520DFB83E83F38795000000A94245	good	-	-	1733357588.000000	1734049988.000000
1733589067.333022	FVkBfu2rliJmI9edCh	sha1	B34FFCEAC1CA8DBE13FD8B8738B023F3D896F3AC	FE09714055051044D8A48175B89E1AE94A0688C8	3300A9424520DFB83E83F38795000000A94245	good	-	-	1733098388.000000	1733790788.000000
1733589068.105307	F3Crj02CuszLeWLeLb	sha1	B34FFCEAC1CA8DBE13FD8B8738B023F3D896F3AC	FE09714055051044D8A48175B89E1AE94A0688C8	3300A9424520DFB83E83F38795000000A94245	good	-	-	1733443988.000000	1734136388.000000
1733589071.897665	FWjACu3OKio1Ij9R1f	sha1	B34FFCEAC1CA8DBE13FD8B8738B023F3D896F3AC	FE09714055051044D8A48175B89E1AE94A0688C8	3300A9424520DFB83E83F38795000000A94245	good	-	-	1733098388.000000	1733790788.000000
1733589074.804635	Fn50yd1kYMk4YAuVIl	sha1	B34FFCEAC1CA8DBE13FD8B8738B023F3D896F3AC	FE09714055051044D8A48175B89E1AE94A0688C8	3300A9424520DFB83E83F38795000000A94245	good	-	-	1733357588.000000	1734049988.000000
1733589083.829692	FpC97V2PttcBmeh4Y8	sha1	B34FFCEAC1CA8DBE13FD8B8738B023F3D896F3AC	FE09714055051044D8A48175B89E1AE94A0688C8	3300A9424520DFB83E83F38795000000A94245	good	-	-	1733357588.000000	1734049988.000000
1733589090.593769	FvVkgO3SX6olOEE9be	sha1	7624DB6BD09C44BD8C92A5BC8159AA8199E6A50A	CE15163BEA02A3A66BDAD92BFDE58C52BE7A50A8	33006FF867FACDB2D946A4B0F60000006FF867	good	-	-	1733526615.000000	1734219015.000000
1733589090.635410	FmZVpi1Z2ysHQCb2gf	sha1	7624DB6BD09C44BD8C92A5BC8159AA8199E6A50A	CE15163BEA02A3A66BDAD92BFDE58C52BE7A50A8	33006FF867FACDB2D946A4B0F60000006FF867	good	-	-	1733526615.000000	1734219015.000000
1733589090.662680	FptFHa3l0ALYcCH7Xj	sha1	7624DB6BD09C44BD8C92A5BC8159AA8199E6A50A	CE15163BEA02A3A66BDAD92BFDE58C52BE7A50A8	33006FF867FACDB2D946A4B0F60000006FF867	good	-	-	1733526615.000000	1734219015.000000
1733589090.690180	FK4wxa2cFHJbh3BTw6	sha1	7624DB6BD09C44BD8C92A5BC8159AA8199E6A50A	CE15163BEA02A3A66BDAD92BFDE58C52BE7A50A8	33006FF867FACDB2D946A4B0F60000006FF867	good	-	-	1733526615.000000	1734219015.000000
1733589090.711981	FLkI6L2bpNybJqlBrl	sha1	7624DB6BD09C44BD8C92A5BC8159AA8199E6A50A	CE15163BEA02A3A66BDAD92BFDE58C52BE7A50A8	33006FF867FACDB2D946A4B0F60000006FF867	good	-	-	1733526615.000000	1734219015.000000
1733589090.757291	F3bTQ6xS0I84p2OW5	sha1	7624DB6BD09C44BD8C92A5BC8159AA8199E6A50A	CE15163BEA02A3A66BDAD92BFDE58C52BE7A50A8	33006FF867FACDB2D946A4B0F60000006FF867	good	-	-	1733526615.000000	1734219015.000000
1733589090.780921	F7i62x3FvOFgoiFC79	sha1	7624DB6BD09C44BD8C92A5BC8159AA8199E6A50A	CE15163BEA02A3A66BDAD92BFDE58C52BE7A50A8	33006FF867FACDB2D946A4B0F60000006FF867	good	-	-	1733526615.000000	1734219015.000000
1733589090.804367	FlIIZGID1DdCqlBSd	sha1	7624DB6BD09C44BD8C92A5BC8159AA8199E6A50A	CE15163BEA02A3A66BDAD92BFDE58C52BE7A50A8	33006FF867FACDB2D946A4B0F60000006FF867	good	-	-	1733526615.000000	1734219015.000000
1733589090.823572	FnTuUyhG1OZwcWWii	sha1	7624DB6BD09C44BD8C92A5BC8159AA8199E6A50A	CE15163BEA02A3A66BDAD92BFDE58C52BE7A50A8	33006FF867FACDB2D946A4B0F60000006FF867	good	-	-	1733526615.000000	1734219015.000000
1733589091.143498	FYdPQH1wtMOBnBaSK4	sha1	65913E56FAD307FB1BF50A2005B2CB514DA72B2F	72E096A151EA300C58B5F519AB9A7CCD9755102E	3300000E8DA79F1FA5BB784E77000000000E8D	good	-	-	1733443988.000000	1734136388.000000
1733589094.357424	FRdmva40NQGWVpfkkj	sha1	B34FFCEAC1CA8DBE13FD8B8738B023F3D896F3AC	FE09714055051044D8A48175B89E1AE94A0688C8	3300A9424520DFB83E83F38795000000A94245	good	-	-	1733357588.000000	1734049988.000000
1733589102.499212	FblO1R3Bv1GeXcMIvf	sha1	B34FFCEAC1CA8DBE13FD8B8738B023F3D896F3AC	FE09714055051044D8A48175B89E1AE94A0688C8	3300A9424520DFB83E83F38795000000A94245	good	-	-	1733098388.000000	1733790788.000000
1733589150.192944	F4vaQZ2LVc45t0MgXb	sha1	E475019DC323E226741D6C40390795F90596462E	3B70D153E976259D60A8CA660FC69BAE6F54166A	3300502432632DDA01121C9952000000502432	good	-	-	1733271188.000000	1733963588.000000
1733589151.649207	FdPICd47YvHL9YyvDh	sha1	E475019DC323E226741D6C40390795F90596462E	3B70D153E976259D60A8CA660FC69BAE6F54166A	3300E258497850FC6287B76F2C000000E25849	good	-	-	1733271188.000000	1733963588.000000
1733589152.359078	FlKTE62FJtF1dAO7Ka	sha1	105FA67A80089DB5279F35CE830B43889EA3C70D	0F80611C823161D52F28E78D4638B42CE1C6D9E2	0CAC171654DB54DB887361A35563BA46	good	-	-	1733556061.000000	1734157261.000000
1733589159.767578	FeVYsV24hFp1muESAh	sha1	E475019DC323E226741D6C40390795F90596462E	3B70D153E976259D60A8CA660FC69BAE6F54166A	3300E258497850FC6287B76F2C000000E25849	good	-	-	1733011989.000000	1733704389.000000
1733589159.846160	F5m0vB1xWFZHB9gVZ7	sha1	E475019DC323E226741D6C40390795F90596462E	3B70D153E976259D60A8CA660FC69BAE6F54166A	3300B94CE014607334D1E0D45F000000B94CE0	good	-	-	1733011989.000000	1733704389.000000
1733589186.104035	FoHfwC45FdNWtvieNf	sha1	3A1979741DCF77D3D6572B57CAFFF6F62B1D5A3A	EE9A2E46F0C2DA3C5CC78CD6A47598DEA8190A65	0D8E45E3B9F516040636B253F65989C5	good	-	-	1733561101.000000	1734162301.000000
1733589215.283471	FTkwhU331p7uhDMxo9	sha1	3A1979741DCF77D3D6572B57CAFFF6F62B1D5A3A	EE9A2E46F0C2DA3C5CC78CD6A47598DEA8190A65	0D8E45E3B9F516040636B253F65989C5	good	-	-	1733561101.000000	1734162301.000000
1733589235.051436	FmQHKy2qrE9035fNA5	sha1	E475019DC323E226741D6C40390795F90596462E	3B70D153E976259D60A8CA660FC69BAE6F54166A	3300E258497850FC6287B76F2C000000E25849	good	-	-	1733271188.000000	1733963588.000000
1733589235.207411	F7fiLINnX5JIm8wZ2	sha1	E475019DC323E226741D6C40390795F90596462E	3B70D153E976259D60A8CA660FC69BAE6F54166A	3300E258497850FC6287B76F2C000000E25849	good	-	-	1733011989.000000	1733704389.000000
1733589239.117280	FIvGmu3noPL8UbDrl6	sha1	B34FFCEAC1CA8DBE13FD8B8738B023F3D896F3AC	FE09714055051044D8A48175B89E1AE94A0688C8	3300B9B9D5622736E985A54155000000B9B9D5	good	-	-	1733271188.000000	1733963588.000000
1733589240.434619	F0L43E3Z1wYtzNK0Ua	sha1	1BC66318D19B621575EEB02B7469CD52D59A2AE2	F67E2FBD80A34AB2705BEBDF9A1FD8EDCA618007	330077FAB38EEF0A9DAA155F0600000077FAB3	good	-	-	1733454605.000000	1734147005.000000
1733589243.914725	FxWX3c1KOVD2R1J182	sha1	105FA67A80089DB5279F35CE830B43889EA3C70D	0F80611C823161D52F28E78D4638B42CE1C6D9E2	03995D7C49CCE33E588EA305D01DB82A	good	-	-	1733503861.000000	1734105061.000000
1733589243.984144	Ff7PqQJF6S97iUR3k	sha1	7624DB6BD09C44BD8C92A5BC8159AA8199E6A50A	CE15163BEA02A3A66BDAD92BFDE58C52BE7A50A8	3300B7C0590888C6B70FDBDDB8000000B7C059	good	-	-	1733440214.000000	1734132614.000000
1733589244.016126	FPRFvjFk3Fx1bV1qj	sha1	B34FFCEAC1CA8DBE13FD8B8738B023F3D896F3AC	FE09714055051044D8A48175B89E1AE94A0688C8	3300B7FE0F18D7F9A1A3559458000000B7FE0F	good	-	-	1733271188.000000	1733963588.000000
1733589244.048486	FfGivw2Va6RlUAQQg8	sha1	B34FFCEAC1CA8DBE13FD8B8738B023F3D896F3AC	FE09714055051044D8A48175B89E1AE94A0688C8	3300B7FE0F18D7F9A1A3559458000000B7FE0F	good	-	-	1733271188.000000	1733963588.000000
1733589265.108145	FHeQie3fNyswFwQT53	sha1	1BC66318D19B621575EEB02B7469CD52D59A2AE2	F67E2FBD80A34AB2705BEBDF9A1FD8EDCA618007	3300A74A99B1EE8331EB5051F2000000A74A99	good	-	-	1733440205.000000	1734132605.000000
1733589383.164275	F3zf2U2DUmM19J12Rk	sha1	105FA67A80089DB5279F35CE830B43889EA3C70D	0F80611C823161D52F28E78D4638B42CE1C6D9E2	03995D7C49CCE33E588EA305D01DB82A	good	-	-	1733503861.000000	1734105061.000000
1733589518.819388	FT05403EaOlzy8Gz52	sha1	B34FFCEAC1CA8DBE13FD8B8738B023F3D896F3AC	FE09714055051044D8A48175B89E1AE94A0688C8	3300B7FE0F18D7F9A1A3559458000000B7FE0F	good	-	-	1733271188.000000	1733963588.000000
1733589519.220501	F14ETwvmNPoChR5o3	sha1	7624DB6BD09C44BD8C92A5BC8159AA8199E6A50A	CE15163BEA02A3A66BDAD92BFDE58C52BE7A50A8	3300BF75C338FACB80D18CFA66000000BF75C3	good	-	-	1733267414.000000	1733959814.000000
1733589519.769011	FVGl3m2ZwuzrDy7xWj	sha1	B34FFCEAC1CA8DBE13FD8B8738B023F3D896F3AC	FE09714055051044D8A48175B89E1AE94A0688C8	3300B7FE0F18D7F9A1A3559458000000B7FE0F	good	-	-	1733011988.000000	1733704388.000000
1733589525.806076	FUQP7qfOu80wnMFLj	sha1	1BC66318D19B621575EEB02B7469CD52D59A2AE2	F67E2FBD80A34AB2705BEBDF9A1FD8EDCA618007	330077FAB38EEF0A9DAA155F0600000077FAB3	good	-	-	1733454605.000000	1734147005.000000
1733589535.253855	F9VETs1GFx6LRWbOh8	sha1	D59B1737698FEF4B16C817B7FE1508CD425E20F2	35F1E7113268E6B2C8DA71E670F3E83CB80E071B	33000022B8A789E2EA3068C06F0000000022B8	good	-	-	1733443989.000000	1734136389.000000
1733589535.255684	F439djGXkDymOSv81	sha1	D59B1737698FEF4B16C817B7FE1508CD425E20F2	35F1E7113268E6B2C8DA71E670F3E83CB80E071B	33000022B8A789E2EA3068C06F0000000022B8	good	-	-	1733357589.000000	1734049989.000000
1733589535.257695	FmBgk63RHscvKwZGn1	sha1	D59B1737698FEF4B16C817B7FE1508CD425E20F2	35F1E7113268E6B2C8DA71E670F3E83CB80E071B	33000022B8A789E2EA3068C06F0000000022B8	good	-	-	1733357589.000000	1734049989.000000
1733589535.258269	F4LxYK10V6QQe4EDN	sha1	D59B1737698FEF4B16C817B7FE1508CD425E20F2	35F1E7113268E6B2C8DA71E670F3E83CB80E071B	33000022B8A789E2EA3068C06F0000000022B8	good	-	-	1733530388.000000	1734222788.000000
1733589535.274633	Fo7zhX3qS6XpJAKQh8	sha1	D59B1737698FEF4B16C817B7FE1508CD425E20F2	35F1E7113268E6B2C8DA71E670F3E83CB80E071B	33000022B8A789E2EA3068C06F0000000022B8	good	-	-	1733357589.000000	1734049989.000000
1733589535.284166	FdecAK1Lz45fzpYPl7	sha1	D59B1737698FEF4B16C817B7FE1508CD425E20F2	35F1E7113268E6B2C8DA71E670F3E83CB80E071B	33000022B8A789E2EA3068C06F0000000022B8	good	-	-	1733271188.000000	1733963588.000000
1733589537.310521	FdTqwI3kGhGFprjwOa	sha1	B34FFCEAC1CA8DBE13FD8B8738B023F3D896F3AC	FE09714055051044D8A48175B89E1AE94A0688C8	3300B7FE0F18D7F9A1A3559458000000B7FE0F	good	-	-	1733011988.000000	1733704388.000000
1733589537.350517	F4F2QO3c5iutcPO1xg	sha1	B34FFCEAC1CA8DBE13FD8B8738B023F3D896F3AC	FE09714055051044D8A48175B89E1AE94A0688C8	3300B7FE0F18D7F9A1A3559458000000B7FE0F	good	-	-	1733011988.000000	1733704388.000000
1733589537.451709	FeEg5K3WQPYui33tQ6	sha1	B34FFCEAC1CA8DBE13FD8B8738B023F3D896F3AC	FE09714055051044D8A48175B89E1AE94A0688C8	3300B7FE0F18D7F9A1A3559458000000B7FE0F	good	-	-	1733011988.000000	1733704388.000000
1733589544.549443	FW1ZL01wi4g1GLo1N	sha1	105FA67A80089DB5279F35CE830B43889EA3C70D	0F80611C823161D52F28E78D4638B42CE1C6D9E2	07920A4D568BCDC8769D40D28C948C2C	good	-	-	1733526901.000000	1734128101.000000
1733589549.736001	FV2pMw2PfZEP2kuEBf	sha1	E475019DC323E226741D6C40390795F90596462E	3B70D153E976259D60A8CA660FC69BAE6F54166A	3300E258497850FC6287B76F2C000000E25849	good	-	-	1733011989.000000	1733704389.000000
1733589554.138481	FBQiYCSeF2maTsw0i	sha1	E475019DC323E226741D6C40390795F90596462E	3B70D153E976259D60A8CA660FC69BAE6F54166A	3300502432632DDA01121C9952000000502432	good	-	-	1733184788.000000	1733877188.000000
1733589573.434116	FCoUd63XvI179uJmz	sha1	331FFE3FFD0B8416284F948D56C07E0392D8F64D	0F6BE64BCE3947AEF67E901E79F0309192C85FA3	9996C266E1F73197FEEB93159CE61994	good	-	-	1733351248.000000	1733956047.000000
1733589574.604618	FDqYsC27blE118hlnl	sha1	E475019DC323E226741D6C40390795F90596462E	3B70D153E976259D60A8CA660FC69BAE6F54166A	3300E258497850FC6287B76F2C000000E25849	good	-	-	1733011989.000000	1733704389.000000
1733589575.061768	FC6kb014K0tohBqoGc	sha1	1720381127B5F4546602F7407D974C26464E0011	AF0D02D0C31B9E58F8EF37622DE7035D9E414A8A	01475AC6D7147EFB218F46E6B95B01CA	good	-	-	1733598000.000000	1733641200.000000
1733589576.102695	FjIdPB4y0TlPRZBW2c	sha1	105FA67A80089DB5279F35CE830B43889EA3C70D	0F80611C823161D52F28E78D4638B42CE1C6D9E2	030B0210D68541EEC2177743E1C14E26	good	-	-	1733241422.000000	1733842622.000000
1733589576.103101	FD3igP1grw0HHR7Ol1	sha1	105FA67A80089DB5279F35CE830B43889EA3C70D	0F80611C823161D52F28E78D4638B42CE1C6D9E2	030B0210D68541EEC2177743E1C14E26	good	-	-	1733327822.000000	1733929022.000000
1733589591.276082	Fh4Xfi1g3vDqzvIAO8	sha1	F0142B7B7DFDE7FDB8A3BFBE65969F12C9A0DF8A	6091EC1C02F20EFE634F65CB62B0022A0358E9B3	0136A14875F9FBE539CA52F190BE9710	good	-	-	1733605200.000000	1733648400.000000
1733589591.314537	FDFIeW10IV81G4aL0h	sha1	1BC66318D19B621575EEB02B7469CD52D59A2AE2	F67E2FBD80A34AB2705BEBDF9A1FD8EDCA618007	3300A74A99B1EE8331EB5051F2000000A74A99	good	-	-	1733440205.000000	1734132605.000000
1733589607.818216	FrSV0h32OSiQVLX8tk	sha1	B34FFCEAC1CA8DBE13FD8B8738B023F3D896F3AC	FE09714055051044D8A48175B89E1AE94A0688C8	3300B9B9D5622736E985A54155000000B9B9D5	good	-	-	1733271188.000000	1733963588.000000
1733589609.020651	FbpLS21eOqrK3EPise	sha1	1BC66318D19B621575EEB02B7469CD52D59A2AE2	F67E2FBD80A34AB2705BEBDF9A1FD8EDCA618007	330077FAB38EEF0A9DAA155F0600000077FAB3	good	-	-	1733454605.000000	1734147005.000000
1733589610.942612	FScqNa4S4O3mXmzali	sha1	B34FFCEAC1CA8DBE13FD8B8738B023F3D896F3AC	FE09714055051044D8A48175B89E1AE94A0688C8	3300B9B9D5622736E985A54155000000B9B9D5	good	-	-	1733271188.000000	1733963588.000000
1733589610.951619	Fot6Wr3zUwWtnnyQtk	sha1	B34FFCEAC1CA8DBE13FD8B8738B023F3D896F3AC	FE09714055051044D8A48175B89E1AE94A0688C8	33009F9450DF461873365762480000009F9450	good	-	-	1733199188.000000	1733891588.000000
1733589611.531852	FFP7Ij1gfqzpbUKN0f	sha1	B34FFCEAC1CA8DBE13FD8B8738B023F3D896F3AC	FE09714055051044D8A48175B89E1AE94A0688C8	3300B7FE0F18D7F9A1A3559458000000B7FE0F	good	-	-	1733011988.000000	1733704388.000000
1733589611.574470	F8yTSy3wvJt7rdkQM3	sha1	B34FFCEAC1CA8DBE13FD8B8738B023F3D896F3AC	FE09714055051044D8A48175B89E1AE94A0688C8	3300B7FE0F18D7F9A1A3559458000000B7FE0F	good	-	-	1733011988.000000	1733704388.000000
1733589621.653976	FB1T9a3O3OpFYcREAi	sha1	B34FFCEAC1CA8DBE13FD8B8738B023F3D896F3AC	FE09714055051044D8A48175B89E1AE94A0688C8	3300B7FE0F18D7F9A1A3559458000000B7FE0F	good	-	-	1733271188.000000	1733963588.000000
1733589621.674888	FMwj743NqTFFJ8jFwk	sha1	105FA67A80089DB5279F35CE830B43889EA3C70D	0F80611C823161D52F28E78D4638B42CE1C6D9E2	03995D7C49CCE33E588EA305D01DB82A	good	-	-	1733503861.000000	1734105061.000000
1733589621.726406	F8KPd21mnZeCldrW5	sha1	B34FFCEAC1CA8DBE13FD8B8738B023F3D896F3AC	FE09714055051044D8A48175B89E1AE94A0688C8	3300B7FE0F18D7F9A1A3559458000000B7FE0F	good	-	-	1733271188.000000	1733963588.000000
1733589622.622826	Fbbhuj2ZiuG6GbwYSb	sha1	915DEAC5D1E15E49646B8A94E04E470958C9BB89	6837E0EBB63BF85F1186FBFE617B088865F44E42	04397F958237A1BFF7DC7AA44BA4DC84	good	-	-	1733593861.000000	1734195061.000000
1733589736.444021	FC04Oa4Due7nGYdK1	sha1	E475019DC323E226741D6C40390795F90596462E	3B70D153E976259D60A8CA660FC69BAE6F54166A	3300E258497850FC6287B76F2C000000E25849	good	-	-	1733271188.000000	1733963588.000000
1733589736.507068	FhiX0NrJXypZbHzrh	sha1	B34FFCEAC1CA8DBE13FD8B8738B023F3D896F3AC	FE09714055051044D8A48175B89E1AE94A0688C8	3300B9B9D5622736E985A54155000000B9B9D5	good	-	-	1733271188.000000	1733963588.000000
1733589737.702313	F8v65F3dvwjmwo0Pt7	sha1	1BC66318D19B621575EEB02B7469CD52D59A2AE2	F67E2FBD80A34AB2705BEBDF9A1FD8EDCA618007	330077FAB38EEF0A9DAA155F0600000077FAB3	good	-	-	1733454605.000000	1734147005.000000
1733589740.617568	FEpda507GA6zCBE87	sha1	B34FFCEAC1CA8DBE13FD8B8738B023F3D896F3AC	FE09714055051044D8A48175B89E1AE94A0688C8	3300B7FE0F18D7F9A1A3559458000000B7FE0F	good	-	-	1733271188.000000	1733963588.000000
1733589740.643006	FfLRXn1FeM6nfbWyn3	sha1	B34FFCEAC1CA8DBE13FD8B8738B023F3D896F3AC	FE09714055051044D8A48175B89E1AE94A0688C8	3300B7FE0F18D7F9A1A3559458000000B7FE0F	good	-	-	1733011988.000000	1733704388.000000
1733589740.685741	FK9Ygr4TqUM3nEmi64	sha1	1BC66318D19B621575EEB02B7469CD52D59A2AE2	F67E2FBD80A34AB2705BEBDF9A1FD8EDCA618007	330039C1FBA5426F8D5039752D00000039C1FB	good	-	-	1733094604.000000	1733787004.000000
1733589740.716759	F6rVad1Qe18xmG418j	sha1	B34FFCEAC1CA8DBE13FD8B8738B023F3D896F3AC	FE09714055051044D8A48175B89E1AE94A0688C8	3300B7FE0F18D7F9A1A3559458000000B7FE0F	good	-	-	1733271188.000000	1733963588.000000
1733589834.580603	FpnwOs2nTUGZAOVbI2	sha1	E475019DC323E226741D6C40390795F90596462E	3B70D153E976259D60A8CA660FC69BAE6F54166A	3300502432632DDA01121C9952000000502432	good	-	-	1733184788.000000	1733877188.000000
1733589855.396416	FEmulyl6yOMekgfYj	sha1	E475019DC323E226741D6C40390795F90596462E	3B70D153E976259D60A8CA660FC69BAE6F54166A	3300E258497850FC6287B76F2C000000E25849	good	-	-	1733271188.000000	1733963588.000000
1733589939.640541	Fl6okd2JwQ7jciTWya	sha1	B34FFCEAC1CA8DBE13FD8B8738B023F3D896F3AC	FE09714055051044D8A48175B89E1AE94A0688C8	3300A9424520DFB83E83F38795000000A94245	good	-	-	1733443988.000000	1734136388.000000
1733589968.218826	FvZs9T3ao2Rs3vRMOi	sha1	B34FFCEAC1CA8DBE13FD8B8738B023F3D896F3AC	FE09714055051044D8A48175B89E1AE94A0688C8	3300A9424520DFB83E83F38795000000A94245	good	-	-	1733357588.000000	1734049988.000000
1733590014.333279	FqeSWtIkjHFPKD6rc	sha1	E475019DC323E226741D6C40390795F90596462E	3B70D153E976259D60A8CA660FC69BAE6F54166A	3300502432632DDA01121C9952000000502432	good	-	-	1733184788.000000	1733877188.000000
1733590040.830563	FsPVTg3He7cH7FCzo	sha1	E475019DC323E226741D6C40390795F90596462E	3B70D153E976259D60A8CA660FC69BAE6F54166A	3300E258497850FC6287B76F2C000000E25849	good	-	-	1733271188.000000	1733963588.000000
1733590046.791490	F92Vso1rltd0EuHLLj	sha1	E475019DC323E226741D6C40390795F90596462E	3B70D153E976259D60A8CA660FC69BAE6F54166A	3300E258497850FC6287B76F2C000000E25849	good	-	-	1733271188.000000	1733963588.000000
1733590351.132995	FoJccHT7fKrns3aY3	sha1	E475019DC323E226741D6C40390795F90596462E	3B70D153E976259D60A8CA660FC69BAE6F54166A	3300502432632DDA01121C9952000000502432	good	-	-	1733271188.000000	1733963588.000000
1733590357.536084	FUbJOTTa7GZ7U9Uld	sha1	E475019DC323E226741D6C40390795F90596462E	3B70D153E976259D60A8CA660FC69BAE6F54166A	3300E258497850FC6287B76F2C000000E25849	good	-	-	1733011989.000000	1733704389.000000
1733590409.500256	FmCFWc2r42F7NplbW8	sha1	B34FFCEAC1CA8DBE13FD8B8738B023F3D896F3AC	FE09714055051044D8A48175B89E1AE94A0688C8	3300A9424520DFB83E83F38795000000A94245	good	-	-	1733098388.000000	1733790788.000000
1733590479.038941	FTjgLT1mQ1MsaA84ah	sha1	B9BED5F1A61E40B24196B0C29E7E1A9D8BFCB520	9077923567C4FFA8CCA9E67BD980797BCC93F938	76EE36EBB6D90BAE0E1A1D8535617AA5	good	-	-	1733184790.000000	1733785989.000000
1733590506.166329	FGVyux1Pye4MKeZFrd	sha1	1BC66318D19B621575EEB02B7469CD52D59A2AE2	F67E2FBD80A34AB2705BEBDF9A1FD8EDCA618007	3300A74A99B1EE8331EB5051F2000000A74A99	good	-	-	1733440205.000000	1734132605.000000
1733590611.929921	Fnge9h2mKsS32ewLL7	sha1	E475019DC323E226741D6C40390795F90596462E	3B70D153E976259D60A8CA660FC69BAE6F54166A	3300B68330098E97D81720B909000000B68330	good	-	-	1733443988.000000	1734136388.000000
1733590838.364307	FzbS68iY4HHCqcLDb	sha1	E475019DC323E226741D6C40390795F90596462E	3B70D153E976259D60A8CA660FC69BAE6F54166A	3300502432632DDA01121C9952000000502432	good	-	-	1733184788.000000	1733877188.000000
1733590962.766932	FmzrLK11T0FGW335Aa	sha1	E475019DC323E226741D6C40390795F90596462E	3B70D153E976259D60A8CA660FC69BAE6F54166A	3300502432632DDA01121C9952000000502432	good	-	-	1733184788.000000	1733877188.000000
1733590970.305983	FqJ8VzMCu4BoXvlVk	sha1	105FA67A80089DB5279F35CE830B43889EA3C70D	0F80611C823161D52F28E78D4638B42CE1C6D9E2	0984EA1BCB6CE28E89A593CA0D4301DA	good	-	-	1733538061.000000	1734139261.000000
1733590971.398669	FRopzYp9zebYzTHFi	sha1	E475019DC323E226741D6C40390795F90596462E	3B70D153E976259D60A8CA660FC69BAE6F54166A	3300E258497850FC6287B76F2C000000E25849	good	-	-	1733011989.000000	1733704389.000000
1733590993.450764	Fus5Mh1IbguyZyQ3Md	sha1	F7C4BE0B40B5C344333D3FAEB94D6E38DAFAEC51	45EBA2AFF492CB82312D518BA7A7219DF36DC80F	0E9B188EF9D02DE7EFDB50E20840185A	good	-	-	1733533516.000000	1734138316.000000
1733590993.459244	FVEXuK2bKfOLZ8Fw31	sha1	DF22CF8B8C3B46C10D3D5C407561EABEB57F8181	ECD7E382D2715D644CDF2E673FE7BA98AE1C0F4F	08AD40B260D29C4C9F5ECDA9BD93AED9	good	-	-	1733532135.000000	1734136935.000000
1733590993.468517	Fb5PTQjIZ4MIk52X4	sha1	915DEAC5D1E15E49646B8A94E04E470958C9BB89	6837E0EBB63BF85F1186FBFE617B088865F44E42	023A583380C4D76ABFD3335A9FAE342C	good	-	-	1733582341.000000	1734183541.000000
1733591018.060858	FFpSeN11VsqZoLbuq9	sha1	B34FFCEAC1CA8DBE13FD8B8738B023F3D896F3AC	FE09714055051044D8A48175B89E1AE94A0688C8	3300B9B9D5622736E985A54155000000B9B9D5	good	-	-	1733184788.000000	1733877188.000000
1733591018.061463	FPfUzYpzxrNmP1u34	sha1	B34FFCEAC1CA8DBE13FD8B8738B023F3D896F3AC	FE09714055051044D8A48175B89E1AE94A0688C8	3300B9B9D5622736E985A54155000000B9B9D5	good	-	-	1733271188.000000	1733963588.000000
1733591019.246819	FsXujhs4VXdoZoqnh	sha1	1BC66318D19B621575EEB02B7469CD52D59A2AE2	F67E2FBD80A34AB2705BEBDF9A1FD8EDCA618007	330077FAB38EEF0A9DAA155F0600000077FAB3	good	-	-	1733454605.000000	1734147005.000000
1733591023.071955	Fvu2ri205YTD7ApIEk	sha1	105FA67A80089DB5279F35CE830B43889EA3C70D	0F80611C823161D52F28E78D4638B42CE1C6D9E2	030B0210D68541EEC2177743E1C14E26	good	-	-	1733155022.000000	1733756222.000000
1733591023.224226	FOP5k4DA0BcYcycg2	sha1	105FA67A80089DB5279F35CE830B43889EA3C70D	0F80611C823161D52F28E78D4638B42CE1C6D9E2	03995D7C49CCE33E588EA305D01DB82A	good	-	-	1733503861.000000	1734105061.000000
1733591140.122095	FuuCqlmD3fapnb04i	sha1	B34FFCEAC1CA8DBE13FD8B8738B023F3D896F3AC	FE09714055051044D8A48175B89E1AE94A0688C8	3300A9424520DFB83E83F38795000000A94245	good	-	-	1733357588.000000	1734049988.000000
1733591167.969605	FuwgHb4qjwL9XMlzbj	sha1	B34FFCEAC1CA8DBE13FD8B8738B023F3D896F3AC	FE09714055051044D8A48175B89E1AE94A0688C8	3300B9B9D5622736E985A54155000000B9B9D5	good	-	-	1733184788.000000	1733877188.000000
1733591167.983916	Fd5U8P1t7asy6Wbei1	sha1	B34FFCEAC1CA8DBE13FD8B8738B023F3D896F3AC	FE09714055051044D8A48175B89E1AE94A0688C8	3300B9B9D5622736E985A54155000000B9B9D5	good	-	-	1733184788.000000	1733877188.000000
1733591171.303585	FAj6843EGaNkQE22Wg	sha1	B34FFCEAC1CA8DBE13FD8B8738B023F3D896F3AC	FE09714055051044D8A48175B89E1AE94A0688C8	3300B7FE0F18D7F9A1A3559458000000B7FE0F	good	-	-	1733443988.000000	1734136388.000000
1733591171.337343	FVvWS44v7RekSpJMPh	sha1	B34FFCEAC1CA8DBE13FD8B8738B023F3D896F3AC	FE09714055051044D8A48175B89E1AE94A0688C8	3300B7FE0F18D7F9A1A3559458000000B7FE0F	good	-	-	1733011988.000000	1733704388.000000
1733591171.363102	FEj4f4138ykKgt8qf	sha1	B34FFCEAC1CA8DBE13FD8B8738B023F3D896F3AC	FE09714055051044D8A48175B89E1AE94A0688C8	3300B7FE0F18D7F9A1A3559458000000B7FE0F	good	-	-	1733443988.000000	1734136388.000000
1733591317.767121	Fjcbj14oGS2oihw5rg	sha1	B34FFCEAC1CA8DBE13FD8B8738B023F3D896F3AC	FE09714055051044D8A48175B89E1AE94A0688C8	3300A9424520DFB83E83F38795000000A94245	good	-	-	1733098388.000000	1733790788.000000
1733591385.154668	FmZhlm4SP8Yroes0p8	sha1	E475019DC323E226741D6C40390795F90596462E	3B70D153E976259D60A8CA660FC69BAE6F54166A	3300E258497850FC6287B76F2C000000E25849	good	-	-	1733011989.000000	1733704389.000000
1733591454.429481	FmsLrNhklDwtJBvZ9	sha1	1BC66318D19B621575EEB02B7469CD52D59A2AE2	F67E2FBD80A34AB2705BEBDF9A1FD8EDCA618007	3300A74A99B1EE8331EB5051F2000000A74A99	good	-	-	1733440205.000000	1734132605.000000
1733591459.779764	FkVTKE4GY42zQAVSNb	sha1	B34FFCEAC1CA8DBE13FD8B8738B023F3D896F3AC	FE09714055051044D8A48175B89E1AE94A0688C8	3300A9424520DFB83E83F38795000000A94245	good	-	-	1733098388.000000	1733790788.000000
1733591595.915836	Fvx1uC4em0VYreC9f2	sha1	B34FFCEAC1CA8DBE13FD8B8738B023F3D896F3AC	FE09714055051044D8A48175B89E1AE94A0688C8	3300C0DA4E721F51BFD16120A2000000C0DA4E	good	-	-	1733443988.000000	1734136388.000000
1733591656.140747	Fkymaf3B8AR1XIPOsh	sha1	E475019DC323E226741D6C40390795F90596462E	3B70D153E976259D60A8CA660FC69BAE6F54166A	3300502432632DDA01121C9952000000502432	good	-	-	1733271188.000000	1733963588.000000
1733591666.303814	FPlyKe2ukN3vIxLxOb	sha1	B34FFCEAC1CA8DBE13FD8B8738B023F3D896F3AC	FE09714055051044D8A48175B89E1AE94A0688C8	3300A9424520DFB83E83F38795000000A94245	good	-	-	1733443988.000000	1734136388.000000
1733591666.348170	FU0qig1FsEd3Ief1Wb	sha1	B34FFCEAC1CA8DBE13FD8B8738B023F3D896F3AC	FE09714055051044D8A48175B89E1AE94A0688C8	3300A9424520DFB83E83F38795000000A94245	good	-	-	1733443988.000000	1734136388.000000
1733591666.524761	F0sIPC3OQBztleLhB5	sha1	B34FFCEAC1CA8DBE13FD8B8738B023F3D896F3AC	FE09714055051044D8A48175B89E1AE94A0688C8	3300A9424520DFB83E83F38795000000A94245	good	-	-	1733098388.000000	1733790788.000000
1733591669.301975	Fppt1E3XIcE9gkHhac	sha1	B34FFCEAC1CA8DBE13FD8B8738B023F3D896F3AC	FE09714055051044D8A48175B89E1AE94A0688C8	3300A9424520DFB83E83F38795000000A94245	good	-	-	1733098388.000000	1733790788.000000
1733591679.185459	FD3U5BcQjgFNLgQX	sha1	E475019DC323E226741D6C40390795F90596462E	3B70D153E976259D60A8CA660FC69BAE6F54166A	3300E258497850FC6287B76F2C000000E25849	good	-	-	1733271188.000000	1733963588.000000
1733591680.325054	F1SOwRE1vlAjafzK7	sha1	A7C4B8B3DC5BB5581EA7D7F13AC569F56F48D789	748580C066C7DF37DECFBD2937AA031DBEEDCD17	073E28A71FE4D5F1098360E4E40786CC	good	-	-	1733524741.000000	1734125941.000000
1733591680.455040	FGTeIe2iJmoPQC0Nf4	sha1	105FA67A80089DB5279F35CE830B43889EA3C70D	0F80611C823161D52F28E78D4638B42CE1C6D9E2	030B0210D68541EEC2177743E1C14E26	good	-	-	1733327822.000000	1733929022.000000
1733591680.471074	FgqLUGgP2F22x5bj3	sha1	105FA67A80089DB5279F35CE830B43889EA3C70D	0F80611C823161D52F28E78D4638B42CE1C6D9E2	030B0210D68541EEC2177743E1C14E26	good	-	-	1733500622.000000	1734101822.000000
1733591682.508217	FmVz8k2S1RGzJMW189	sha1	5F1307B225ABB8FD86158BBFB5D0CB5B1B427AA9	66C0C7A39ACDFEF3EACE4B530B615EAF3305B3E1	0110BD8BBD328B678AA9CD86337768C5	good	-	-	1733587200.000000	1733630400.000000
1733591684.137203	FzBAo14TWZfUe2Ojb9	sha1	E475019DC323E226741D6C40390795F90596462E	3B70D153E976259D60A8CA660FC69BAE6F54166A	3300502432632DDA01121C9952000000502432	good	-	-	1733271188.000000	1733963588.000000
1733591719.205378	FuZUEr9ze10LhAK94	sha1	1BC66318D19B621575EEB02B7469CD52D59A2AE2	F67E2FBD80A34AB2705BEBDF9A1FD8EDCA618007	3300A74A99B1EE8331EB5051F2000000A74A99	good	-	-	1733440205.000000	1734132605.000000
1733591812.755400	F25gJJxrCqUiU60aj	sha1	E475019DC323E226741D6C40390795F90596462E	3B70D153E976259D60A8CA660FC69BAE6F54166A	3300E258497850FC6287B76F2C000000E25849	good	-	-	1733271188.000000	1733963588.000000
1733591813.487784	F3Xmaw37AQaw8yDb2j	sha1	105FA67A80089DB5279F35CE830B43889EA3C70D	0F80611C823161D52F28E78D4638B42CE1C6D9E2	030B0210D68541EEC2177743E1C14E26	good	-	-	1733155022.000000	1733756222.000000
1733591814.401595	FvT99d28fJ1Vqedahf	sha1	A7C4B8B3DC5BB5581EA7D7F13AC569F56F48D789	748580C066C7DF37DECFBD2937AA031DBEEDCD17	073E28A71FE4D5F1098360E4E40786CC	good	-	-	1733524741.000000	1734125941.000000
1733591814.402727	FZhZnv4GdWKnpeH2Af	sha1	A7C4B8B3DC5BB5581EA7D7F13AC569F56F48D789	748580C066C7DF37DECFBD2937AA031DBEEDCD17	073E28A71FE4D5F1098360E4E40786CC	good	-	-	1733524741.000000	1734125941.000000
1733591814.404107	FNkPh62mxcb9y5s7fl	sha1	A7C4B8B3DC5BB5581EA7D7F13AC569F56F48D789	748580C066C7DF37DECFBD2937AA031DBEEDCD17	073E28A71FE4D5F1098360E4E40786CC	good	-	-	1733524741.000000	1734125941.000000
1733591814.404464	Fyg2qgBUP9n7NvOq6	sha1	A7C4B8B3DC5BB5581EA7D7F13AC569F56F48D789	748580C066C7DF37DECFBD2937AA031DBEEDCD17	073E28A71FE4D5F1098360E4E40786CC	good	-	-	1733524741.000000	1734125941.000000
1733591814.404817	F68lRv4cDX4OjVsvge	sha1	A7C4B8B3DC5BB5581EA7D7F13AC569F56F48D789	748580C066C7DF37DECFBD2937AA031DBEEDCD17	073E28A71FE4D5F1098360E4E40786CC	good	-	-	1733524741.000000	1734125941.000000
1733591814.405672	FA7Lph3gKkVpEcS1J1	sha1	A7C4B8B3DC5BB5581EA7D7F13AC569F56F48D789	748580C066C7DF37DECFBD2937AA031DBEEDCD17	073E28A71FE4D5F1098360E4E40786CC	good	-	-	1733524741.000000	1734125941.000000
1733591814.785867	F6Sz4d37sveH0jIgz1	sha1	3A1979741DCF77D3D6572B57CAFFF6F62B1D5A3A	EE9A2E46F0C2DA3C5CC78CD6A47598DEA8190A65	0D8E45E3B9F516040636B253F65989C5	good	-	-	1733561101.000000	1734162301.000000
1733591814.976096	FE6j4G4gwUfRzrR0Ji	sha1	BF9BCBEF71E2B39B8D19487ACFC75885354F8F02	8A23EB9E6BD7F9375DF96D2139769AA167DE10A8	0402B935CC00BDA8C69602005F098A52	good	-	-	1733592782.000000	1734193982.000000
1733591817.605243	FqUQmF4ToCC0NJCAQi	sha1	F0142B7B7DFDE7FDB8A3BFBE65969F12C9A0DF8A	6091EC1C02F20EFE634F65CB62B0022A0358E9B3	0136A14875F9FBE539CA52F190BE9710	good	-	-	1733605200.000000	1733648400.000000
1733591834.693997	F1cy4f2FczhTJbkfK8	sha1	B34FFCEAC1CA8DBE13FD8B8738B023F3D896F3AC	FE09714055051044D8A48175B89E1AE94A0688C8	3300B9B9D5622736E985A54155000000B9B9D5	good	-	-	1733011988.000000	1733704388.000000
1733591835.200657	Fvyvq7WbjvEcDqr5k	sha1	915DEAC5D1E15E49646B8A94E04E470958C9BB89	6837E0EBB63BF85F1186FBFE617B088865F44E42	02A04E1957D1FEA34B42662065F706D9	good	-	-	1733584861.000000	1734186061.000000
#close	2024-12-29-21-19-28
